<?xml version="1.0" encoding="UTF-8"?>
<!-- Generated by org.testng.reporters.JUnitReportReporter -->
<testsuite hostname="LAPTOP-T17PAQL5" failures="0" tests="1" name="com.flipkart.testCase.HomepageTest" time="19.792" errors="0" timestamp="06 Mar 2022 04:21:22 GMT" skipped="0">
  <testcase classname="com.flipkart.testCase.HomepageTest" name="FashionBtnTest" time="19.792"/>
</testsuite> <!-- com.flipkart.testCase.HomepageTest -->
